<?xml version="1.0" encoding="UTF-8"?>
<!-- Generated by org.testng.reporters.JUnitXMLReporter -->
<testsuite ignored="0" hostname="DESKTOP-IN8JAH5" failures="0" tests="4" name="Default test(failed)" time="95.794" errors="0" timestamp="2024-02-24T23:41:53 IST">
  <testcase classname="com.practice.qa.Test.LoginPageTest" name="VerifyHeader" time="3.103"/>
  <testcase classname="com.practice.qa.Test.LoginPageTest" name="ValidateSearchFeature" time="5.597"/>
  <testcase classname="com.practice.qa.Test.LoginPageTest" name="validateLoginButton" time="0.319"/>
  <testcase classname="com.practice.qa.Test.LoginPageTest" name="loginPopup" time="39.975"/>
</testsuite> <!-- Default test(failed) -->
