<?xml version="1.0" encoding="UTF-8"?>
<!-- Generated by org.testng.reporters.JUnitXMLReporter -->
<testsuite ignored="3" hostname="DESKTOP-IN8JAH5" failures="0" tests="1" name="Default test" time="14.774" errors="0" timestamp="2024-02-24T23:31:53 IST">
  <testcase classname="com.practice.qa.Test.LoginPageTest" name="VerifyHeader" time="2.457"/>
  <testcase classname="com.practice.qa.Test.LoginPageTest" name="ValidateSearchFeature" time="0.0">
    <ignored/>
  </testcase> <!-- ValidateSearchFeature -->
  <testcase classname="com.practice.qa.Test.LoginPageTest" name="loginPopup" time="0.0">
    <ignored/>
  </testcase> <!-- loginPopup -->
  <testcase classname="com.practice.qa.Test.LoginPageTest" name="validateLoginButton" time="0.0">
    <ignored/>
  </testcase> <!-- validateLoginButton -->
</testsuite> <!-- Default test -->
