<?xml version="1.0" encoding="UTF-8"?>
<!-- Generated by org.testng.reporters.JUnitXMLReporter -->
<testsuite ignored="0" hostname="DESKTOP-IN8JAH5" failures="0" tests="4" name="Home Loan" time="106.501" errors="0" timestamp="2024-02-25T11:18:51 IST">
  <testcase classname="com.practice.qa.Test.LoginPageTest" name="VerifyHeader" time="2.946"/>
  <testcase classname="com.practice.qa.Test.LoginPageTest" name="ValidateSearchFeature" time="6.46"/>
  <testcase classname="com.practice.qa.Test.LoginPageTest" name="validateLoginButton" time="0.572"/>
  <testcase classname="com.practice.qa.Test.LoginPageTest" name="loginPopup" time="46.93"/>
</testsuite> <!-- Home Loan -->
