<?xml version="1.0" encoding="UTF-8"?>
<testng-results ignored="0" total="4" passed="4" failed="0" skipped="0">
  <reporter-output>
  </reporter-output>
  <suite started-at="2024-02-25T11:17:03 IST" name="Loan Department" finished-at="2024-02-25T11:18:50 IST" duration-ms="106501">
    <groups>
    </groups>
    <test started-at="2024-02-25T11:17:03 IST" name="Home Loan" finished-at="2024-02-25T11:18:50 IST" duration-ms="106501">
      <class name="com.practice.qa.Test.LoginPageTest">
        <test-method is-config="true" signature="browserlaunching()[pri:0, instance:com.practice.qa.Test.LoginPageTest@60f00693]" started-at="2024-02-25T11:17:03 IST" name="browserlaunching" finished-at="2024-02-25T11:17:13 IST" duration-ms="9085" status="PASS">
          <reporter-output>
          </reporter-output>
        </test-method> <!-- browserlaunching -->
        <test-method signature="VerifyHeader()[pri:1, instance:com.practice.qa.Test.LoginPageTest@60f00693]" started-at="2024-02-25T11:17:13 IST" name="VerifyHeader" finished-at="2024-02-25T11:17:16 IST" duration-ms="2946" status="PASS">
          <reporter-output>
          </reporter-output>
        </test-method> <!-- VerifyHeader -->
        <test-method is-config="true" signature="browserQuit()[pri:0, instance:com.practice.qa.Test.LoginPageTest@60f00693]" started-at="2024-02-25T11:17:16 IST" name="browserQuit" finished-at="2024-02-25T11:17:18 IST" duration-ms="2576" status="PASS">
          <reporter-output>
          </reporter-output>
        </test-method> <!-- browserQuit -->
        <test-method is-config="true" signature="browserlaunching()[pri:0, instance:com.practice.qa.Test.LoginPageTest@60f00693]" started-at="2024-02-25T11:17:18 IST" name="browserlaunching" finished-at="2024-02-25T11:17:27 IST" duration-ms="8471" status="PASS">
          <reporter-output>
          </reporter-output>
        </test-method> <!-- browserlaunching -->
        <test-method signature="ValidateSearchFeature()[pri:2, instance:com.practice.qa.Test.LoginPageTest@60f00693]" started-at="2024-02-25T11:17:27 IST" name="ValidateSearchFeature" finished-at="2024-02-25T11:17:33 IST" duration-ms="6460" status="PASS">
          <reporter-output>
          </reporter-output>
        </test-method> <!-- ValidateSearchFeature -->
        <test-method is-config="true" signature="browserQuit()[pri:0, instance:com.practice.qa.Test.LoginPageTest@60f00693]" started-at="2024-02-25T11:17:34 IST" name="browserQuit" finished-at="2024-02-25T11:17:37 IST" duration-ms="2575" status="PASS">
          <reporter-output>
          </reporter-output>
        </test-method> <!-- browserQuit -->
        <test-method is-config="true" signature="browserlaunching()[pri:0, instance:com.practice.qa.Test.LoginPageTest@60f00693]" started-at="2024-02-25T11:17:37 IST" name="browserlaunching" finished-at="2024-02-25T11:17:47 IST" duration-ms="9770" status="PASS">
          <reporter-output>
          </reporter-output>
        </test-method> <!-- browserlaunching -->
        <test-method signature="validateLoginButton()[pri:3, instance:com.practice.qa.Test.LoginPageTest@60f00693]" started-at="2024-02-25T11:17:47 IST" name="validateLoginButton" finished-at="2024-02-25T11:17:47 IST" duration-ms="572" status="PASS">
          <reporter-output>
          </reporter-output>
        </test-method> <!-- validateLoginButton -->
        <test-method is-config="true" signature="browserQuit()[pri:0, instance:com.practice.qa.Test.LoginPageTest@60f00693]" started-at="2024-02-25T11:17:48 IST" name="browserQuit" finished-at="2024-02-25T11:17:50 IST" duration-ms="2597" status="PASS">
          <reporter-output>
          </reporter-output>
        </test-method> <!-- browserQuit -->
        <test-method is-config="true" signature="browserlaunching()[pri:0, instance:com.practice.qa.Test.LoginPageTest@60f00693]" started-at="2024-02-25T11:17:50 IST" name="browserlaunching" finished-at="2024-02-25T11:18:00 IST" duration-ms="9234" status="PASS">
          <reporter-output>
          </reporter-output>
        </test-method> <!-- browserlaunching -->
        <test-method signature="loginPopup()[pri:4, instance:com.practice.qa.Test.LoginPageTest@60f00693]" started-at="2024-02-25T11:18:00 IST" name="loginPopup" finished-at="2024-02-25T11:18:46 IST" duration-ms="46930" status="PASS">
          <reporter-output>
          </reporter-output>
        </test-method> <!-- loginPopup -->
        <test-method is-config="true" signature="browserQuit()[pri:0, instance:com.practice.qa.Test.LoginPageTest@60f00693]" started-at="2024-02-25T11:18:47 IST" name="browserQuit" finished-at="2024-02-25T11:18:50 IST" duration-ms="3198" status="PASS">
          <reporter-output>
          </reporter-output>
        </test-method> <!-- browserQuit -->
      </class> <!-- com.practice.qa.Test.LoginPageTest -->
    </test> <!-- Home Loan -->
  </suite> <!-- Loan Department -->
</testng-results>
